2019-06-03 21:52:41.210 [INFO]    --------------------------------------------PROGRAM STARTED--------------------------------------------
2019-06-03 21:52:41.800 [INFO]    OpenConnection()
2019-06-03 21:52:41.852 [INFO]    SwitchAdminUser()
2019-06-03 21:54:58.290 [INFO]    GetUserPassword( LIRAN_NAGAR )
2019-06-03 21:55:19.038 [INFO]    GetRoleFromDB( LIRAN_NAGAR )
2019-06-03 21:56:30.236 [ERROR]   Error while tyring to click log in  System.Exception: One of the values is incorrect
   at CounselorApp.MainWindow.ClickLogInButton(Object sender, RoutedEventArgs e) in C:\Users\Liran\Desktop\CounselorApp\CounselorApp\MainWindow.xaml.cs:line 100
2019-06-03 21:56:55.683 [INFO]    GetUserPassword( LIRAN_NAGAR )
2019-06-03 21:56:56.944 [INFO]    GetRoleFromDB( LIRAN_NAGAR )
2019-06-03 21:57:18.436 [INFO]    AdminMainWindow()
2019-06-03 21:57:21.387 [INFO]    ClickLogInButton()
2019-06-03 21:59:05.000 [INFO]    --------------------------------------------PROGRAM STARTED--------------------------------------------
2019-06-03 21:59:05.355 [INFO]    OpenConnection()
2019-06-03 21:59:05.391 [INFO]    SwitchAdminUser()
2019-06-03 22:02:12.626 [ERROR]   Error while tyring to click log in  System.Exception: User name not exist or whrong
   at CounselorApp.MainWindow.GetUserNameFromDB(String userName) in C:\Users\Liran\Desktop\CounselorApp\CounselorApp\MainWindow.xaml.cs:line 220
   at CounselorApp.MainWindow.ClickLogInButton(Object sender, RoutedEventArgs e) in C:\Users\Liran\Desktop\CounselorApp\CounselorApp\MainWindow.xaml.cs:line 86
2019-06-03 22:02:21.833 [INFO]    GetUserPassword( LIRAN_NAGAR )
2019-06-03 22:02:21.838 [INFO]    GetRoleFromDB( LIRAN_NAGAR )
2019-06-03 22:02:21.844 [INFO]    AdminMainWindow()
2019-06-03 22:02:21.868 [INFO]    ClickLogInButton()
2019-06-03 22:03:07.314 [INFO]    AdviceMainWindow()
2019-06-03 22:03:07.344 [INFO]    ClickAdvisesButton()
2019-06-03 22:03:15.952 [ERROR]   Error while trying to Click Add New Advice Button System.NullReferenceException: Object reference not set to an instance of an object.
   at CounselorApp.Administrator.AddNewAdvice..ctor(String nameAdmin) in C:\Users\Liran\Desktop\CounselorApp\CounselorApp\Administrator\AddNewAdvice.xaml.cs:line 39
   at CounselorApp.Administrator.MenageAdvice.ClickAddNewAdviceButton(Object sender, RoutedEventArgs e) in C:\Users\Liran\Desktop\CounselorApp\CounselorApp\Administrator\MenageAdvice.xaml.cs:line 130
2019-06-03 22:20:38.726 [INFO]    --------------------------------------------PROGRAM STARTED--------------------------------------------
2019-06-03 22:20:39.256 [INFO]    OpenConnection()
2019-06-03 22:20:39.322 [INFO]    SwitchAdminUser()
2019-06-03 22:21:16.498 [INFO]    --------------------------------------------PROGRAM STARTED--------------------------------------------
2019-06-03 22:21:16.927 [INFO]    OpenConnection()
2019-06-03 22:21:17.039 [INFO]    SwitchAdminUser()
2019-06-03 22:21:30.096 [INFO]    GetUserPassword( LIRAN_NAGAR )
2019-06-03 22:21:30.108 [INFO]    GetRoleFromDB( LIRAN_NAGAR )
2019-06-03 22:21:30.119 [INFO]    AdminMainWindow()
2019-06-03 22:21:30.153 [INFO]    ClickLogInButton()
2019-06-03 22:21:33.528 [INFO]    AdviceMainWindow()
2019-06-03 22:21:33.579 [INFO]    ClickAdvisesButton()
2019-06-03 22:21:35.351 [ERROR]   Error while trying to Click Add New Advice Button System.NullReferenceException: Object reference not set to an instance of an object.
   at CounselorApp.Administrator.AddNewAdvice..ctor(String nameAdmin) in C:\Users\Liran\Desktop\CounselorApp\CounselorApp\Administrator\AddNewAdvice.xaml.cs:line 39
   at CounselorApp.Administrator.MenageAdvice.ClickAddNewAdviceButton(Object sender, RoutedEventArgs e) in C:\Users\Liran\Desktop\CounselorApp\CounselorApp\Administrator\MenageAdvice.xaml.cs:line 130
2019-06-03 22:22:25.101 [INFO]    --------------------------------------------PROGRAM STARTED--------------------------------------------
2019-06-03 22:22:25.847 [INFO]    OpenConnection()
2019-06-03 22:22:25.904 [INFO]    SwitchAdminUser()
2019-06-03 22:22:44.401 [INFO]    GetUserPassword( LIRAN_NAGAR )
2019-06-03 22:22:44.411 [INFO]    GetRoleFromDB( LIRAN_NAGAR )
2019-06-03 22:22:44.422 [INFO]    AdminMainWindow()
2019-06-03 22:22:44.620 [INFO]    ClickLogInButton()
2019-06-03 22:22:48.063 [INFO]    AdviceMainWindow()
2019-06-03 22:22:48.197 [INFO]    ClickAdvisesButton()
2019-06-03 22:23:51.835 [INFO]    --------------------------------------------PROGRAM STARTED--------------------------------------------
2019-06-03 22:23:52.353 [INFO]    OpenConnection()
2019-06-03 22:23:52.463 [INFO]    SwitchAdminUser()
2019-06-03 22:24:02.445 [INFO]    GetUserPassword( LIRAN_NAGAR )
2019-06-03 22:24:02.454 [INFO]    GetRoleFromDB( LIRAN_NAGAR )
2019-06-03 22:24:02.465 [INFO]    AdminMainWindow()
2019-06-03 22:24:02.498 [INFO]    ClickLogInButton()
2019-06-03 22:24:23.174 [INFO]    AdviceMainWindow()
2019-06-03 22:24:23.231 [INFO]    ClickAdvisesButton()
2019-06-03 22:24:25.256 [INFO]    AddNewAdvice()
2019-06-03 22:24:25.371 [INFO]    ClickAddNewAdviceButton()
2019-06-03 22:24:32.104 [INFO]    AdviceMainWindow()
2019-06-03 22:24:32.189 [INFO]    ClickOnBack()
2019-06-03 22:24:34.882 [ERROR]   Error while trying to click edit advice button System.Exception: Please choose an opetion
   at CounselorApp.Administrator.MenageAdvice.ClickEditAdviceButton(Object sender, RoutedEventArgs e) in C:\Users\Liran\Desktop\CounselorApp\CounselorApp\Administrator\MenageAdvice.xaml.cs:line 112
2019-06-03 22:24:48.985 [INFO]    GetAdviceBody(Injection)
2019-06-03 22:24:49.044 [INFO]    GetPathWebNotProtected(Injection)
2019-06-03 22:24:49.067 [INFO]    GetPathWebProtected(Injection)
2019-06-03 22:24:49.089 [INFO]    GetSource(Injection)
2019-06-03 22:24:49.115 [INFO]    EditAdvice(Injection)
2019-06-03 22:24:49.224 [INFO]    ClickEditAdviceButton( Injection )
2019-06-03 22:24:50.922 [INFO]    UpdateAdvice(Injection)
2019-06-03 22:24:50.932 [INFO]    UpdateButtonClick()
2019-06-03 22:24:53.187 [INFO]    AdviceMainWindow()
2019-06-03 22:24:53.285 [INFO]    ClickOnBack()
2019-06-03 22:24:55.804 [INFO]    AddNewAdvice()
2019-06-03 22:24:55.935 [INFO]    ClickAddNewAdviceButton()
2019-06-03 22:24:58.394 [INFO]    AdviceMainWindow()
2019-06-03 22:24:58.498 [INFO]    ClickOnBack()
2019-06-03 22:24:59.994 [INFO]    AdminMainWindow()
2019-06-03 22:25:00.048 [INFO]    ClickOnBack
2019-06-05 14:01:47.137 [INFO]    --------------------------------------------PROGRAM STARTED--------------------------------------------
2019-06-05 14:01:47.747 [INFO]    OpenConnection()
2019-06-05 14:01:47.828 [INFO]    SwitchAdminUser()
2019-06-05 14:01:57.351 [INFO]    GetUserPassword( LIRAN_NAGAR )
2019-06-05 14:01:57.362 [INFO]    GetRoleFromDB( LIRAN_NAGAR )
2019-06-05 14:01:57.374 [INFO]    AdminMainWindow()
2019-06-05 14:01:57.409 [INFO]    ClickLogInButton()
2019-06-05 14:02:01.161 [INFO]    AdviceMainWindow()
2019-06-05 14:02:01.197 [INFO]    ClickAdvisesButton()
2019-06-05 14:02:03.143 [INFO]    AddNewAdvice()
2019-06-05 14:02:03.193 [INFO]    ClickAddNewAdviceButton()
2019-06-05 14:02:55.371 [INFO]    ClickUploadVulnerableWebButton()
2019-06-05 14:03:07.238 [INFO]    ClickUploadVulnerableWebButton()
2019-06-05 14:03:13.509 [INFO]    ClickUploadProtectedWebButton()
2019-06-05 14:03:23.880 [INFO]    ClickUploadVulnerableWebButton()
2019-06-05 14:03:30.571 [INFO]    ClickUploadVulnerableWebButton()
2019-06-05 14:03:35.540 [ERROR]   Error while trying to Click Upload Protected Web Button   System.Exception: Some values are empty
   at CounselorApp.Administrator.AddNewAdvice.CheckValues() in C:\Users\Liran\Desktop\CounselorApp\CounselorApp\Administrator\AddNewAdvice.xaml.cs:line 134
   at CounselorApp.Administrator.AddNewAdvice.UploadButton(Object sender, RoutedEventArgs e) in C:\Users\Liran\Desktop\CounselorApp\CounselorApp\Administrator\AddNewAdvice.xaml.cs:line 90
2019-06-05 14:03:43.704 [ERROR]   Error while trying to Click Upload Protected Web Button   System.Exception: Some values are empty
   at CounselorApp.Administrator.AddNewAdvice.CheckValues() in C:\Users\Liran\Desktop\CounselorApp\CounselorApp\Administrator\AddNewAdvice.xaml.cs:line 134
   at CounselorApp.Administrator.AddNewAdvice.UploadButton(Object sender, RoutedEventArgs e) in C:\Users\Liran\Desktop\CounselorApp\CounselorApp\Administrator\AddNewAdvice.xaml.cs:line 90
2019-06-05 14:04:34.672 [ERROR]   Error while trying to Click Upload Protected Web Button   System.Exception: Some values are empty
   at CounselorApp.Administrator.AddNewAdvice.CheckValues() in C:\Users\Liran\Desktop\CounselorApp\CounselorApp\Administrator\AddNewAdvice.xaml.cs:line 134
   at CounselorApp.Administrator.AddNewAdvice.UploadButton(Object sender, RoutedEventArgs e) in C:\Users\Liran\Desktop\CounselorApp\CounselorApp\Administrator\AddNewAdvice.xaml.cs:line 90
2019-06-05 14:04:38.635 [ERROR]   Error while trying to Click Upload Protected Web Button   System.Exception: Some values are empty
   at CounselorApp.Administrator.AddNewAdvice.CheckValues() in C:\Users\Liran\Desktop\CounselorApp\CounselorApp\Administrator\AddNewAdvice.xaml.cs:line 134
   at CounselorApp.Administrator.AddNewAdvice.UploadButton(Object sender, RoutedEventArgs e) in C:\Users\Liran\Desktop\CounselorApp\CounselorApp\Administrator\AddNewAdvice.xaml.cs:line 90
2019-06-05 14:05:07.307 [INFO]    --------------------------------------------PROGRAM STARTED--------------------------------------------
2019-06-05 14:05:07.956 [INFO]    OpenConnection()
2019-06-05 14:05:08.016 [INFO]    SwitchAdminUser()
2019-06-05 14:05:24.868 [INFO]    GetUserPassword( LIRAN_NAGAR )
2019-06-05 14:05:25.026 [INFO]    GetRoleFromDB( LIRAN_NAGAR )
2019-06-05 14:05:26.972 [INFO]    AdminMainWindow()
2019-06-05 14:05:30.492 [INFO]    ClickLogInButton()
2019-06-05 14:05:36.455 [INFO]    AdviceMainWindow()
2019-06-05 14:05:37.137 [INFO]    ClickAdvisesButton()
2019-06-05 14:05:44.787 [INFO]    AddNewAdvice()
2019-06-05 14:05:45.951 [INFO]    ClickAddNewAdviceButton()
2019-06-05 14:06:04.474 [INFO]    ClickUploadVulnerableWebButton()
2019-06-05 14:06:20.695 [INFO]    ClickUploadProtectedWebButton()
2019-06-05 14:06:38.496 [ERROR]   Error while trying to Click Upload Protected Web Button   System.Exception: Exception while trying to InsertToDB ---> Oracle.ManagedDataAccess.Client.OracleException: ORA-01400: cannot insert NULL into ("LIRAN_NAGAR"."ADVISES"."SOURCE_ADVICE")
   at OracleInternal.ServiceObjects.OracleConnectionImpl.VerifyExecution(Int32& cursorId, Boolean bThrowArrayBindRelatedErrors, SqlStatementType sqlStatementType, Int32 arrayBindCount, OracleException& exceptionForArrayBindDML, Boolean& hasMoreRowsInDB, Boolean bFirstIterationDone)
   at OracleInternal.ServiceObjects.OracleCommandImpl.ExecuteNonQuery(String commandText, OracleParameterCollection paramColl, CommandType commandType, OracleConnectionImpl connectionImpl, Int32 longFetchSize, Int64 clientInitialLOBFS, OracleDependencyImpl orclDependencyImpl, Int64[]& scnFromExecution, OracleParameterCollection& bindByPositionParamColl, Boolean& bBindParamPresent, OracleException& exceptionForArrayBindDML, OracleConnection connection, OracleLogicalTransaction& oracleLogicalTransaction, Boolean isFromEF)
   at Oracle.ManagedDataAccess.Client.OracleCommand.ExecuteNonQuery()
   at CounselorApp.Administrator.AddNewAdvice.InsertDataToDB(String id, String Name, String body, String pathProtected, String pathVulnerable, String source) in C:\Users\Liran\Desktop\CounselorApp\CounselorApp\Administrator\AddNewAdvice.xaml.cs:line 199
   --- End of inner exception stack trace ---
   at CounselorApp.Administrator.AddNewAdvice.InsertDataToDB(String id, String Name, String body, String pathProtected, String pathVulnerable, String source) in C:\Users\Liran\Desktop\CounselorApp\CounselorApp\Administrator\AddNewAdvice.xaml.cs:line 204
   at CounselorApp.Administrator.AddNewAdvice.UploadButton(Object sender, RoutedEventArgs e) in C:\Users\Liran\Desktop\CounselorApp\CounselorApp\Administrator\AddNewAdvice.xaml.cs:line 108
2019-06-05 14:22:35.535 [INFO]    AdviceMainWindow()
2019-06-05 14:22:35.636 [INFO]    ClickOnBack()
2019-06-05 14:22:36.724 [INFO]    AdminMainWindow()
2019-06-05 14:22:36.748 [INFO]    ClickOnBack
2019-06-05 14:22:40.970 [INFO]    --------------------------------------------PROGRAM STARTED--------------------------------------------
2019-06-05 14:22:41.442 [INFO]    OpenConnection()
2019-06-05 14:22:41.490 [INFO]    SwitchAdminUser()
2019-06-05 14:23:11.026 [INFO]    --------------------------------------------PROGRAM STARTED--------------------------------------------
2019-06-05 14:23:11.489 [INFO]    OpenConnection()
2019-06-05 14:23:11.535 [INFO]    SwitchAdminUser()
2019-06-05 14:23:58.276 [INFO]    GetUserPassword( LIRAN_NAGAR )
2019-06-05 14:23:58.288 [INFO]    GetRoleFromDB( LIRAN_NAGAR )
2019-06-05 14:23:58.302 [INFO]    AdminMainWindow()
2019-06-05 14:23:58.345 [INFO]    ClickLogInButton()
2019-06-05 14:24:00.439 [INFO]    AdviceMainWindow()
2019-06-05 14:24:00.477 [INFO]    ClickAdvisesButton()
2019-06-05 14:24:06.513 [INFO]    AddNewAdvice()
2019-06-05 14:24:06.587 [INFO]    ClickAddNewAdviceButton()
2019-06-05 14:24:51.383 [INFO]    ClickUploadVulnerableWebButton()
2019-06-05 14:25:04.966 [INFO]    ClickUploadProtectedWebButton()
2019-06-05 14:25:27.285 [INFO]    ClickUploadVulnerableWebButton()
2019-06-05 14:25:32.035 [INFO]    InsertToDB (Dos)
2019-06-05 14:25:32.046 [INFO]    UploadButton()
2019-06-05 14:25:39.918 [INFO]    AdviceMainWindow()
2019-06-05 14:25:39.958 [INFO]    ClickOnBack()
2019-06-05 14:25:40.989 [INFO]    AdminMainWindow()
2019-06-05 14:25:41.013 [INFO]    ClickOnBack
2019-06-05 14:25:45.868 [INFO]    --------------------------------------------PROGRAM STARTED--------------------------------------------
2019-06-05 14:25:46.275 [INFO]    OpenConnection()
2019-06-05 14:25:46.363 [INFO]    SwitchAdminUser()
2019-06-05 14:26:32.559 [INFO]    AdviceMainWindow()
2019-06-05 14:26:32.595 [INFO]    ClickLogInButton()
2019-06-05 14:26:41.442 [INFO]    ClickVulnerableWeb()
2019-06-05 14:31:09.147 [INFO]    ClickProtectedWeb()
2019-06-05 16:32:14.637 [INFO]    --------------------------------------------PROGRAM STARTED--------------------------------------------
2019-06-05 16:32:15.051 [INFO]    OpenConnection()
2019-06-05 16:32:15.092 [INFO]    SwitchAdminUser()
2019-06-05 16:45:15.121 [ERROR]   Error while tyring to click log in  System.Exception: User name not exist or whrong
   at CounselorApp.MainWindow.GetUserNameFromDB(String userName) in C:\Users\Liran\Desktop\CounselorApp\CounselorApp\MainWindow.xaml.cs:line 220
   at CounselorApp.MainWindow.ClickLogInButton(Object sender, RoutedEventArgs e) in C:\Users\Liran\Desktop\CounselorApp\CounselorApp\MainWindow.xaml.cs:line 86
2019-06-05 16:45:20.944 [INFO]    GetUserPassword( LIRAN_NAGAR )
2019-06-05 16:45:20.951 [INFO]    GetRoleFromDB( LIRAN_NAGAR )
2019-06-05 16:45:20.958 [INFO]    AdminMainWindow()
2019-06-05 16:45:20.993 [INFO]    ClickLogInButton()
2019-06-05 16:45:27.107 [INFO]    AdviceMainWindow()
2019-06-05 16:45:27.138 [INFO]    ClickAdvisesButton()
2019-06-05 16:45:31.898 [INFO]    AddNewAdvice()
2019-06-05 16:45:31.928 [INFO]    ClickAddNewAdviceButton()
2019-06-05 16:45:34.602 [INFO]    AdviceMainWindow()
2019-06-05 16:45:34.628 [INFO]    ClickOnBack()
2019-06-05 16:45:36.657 [INFO]    AddNewAdvice()
2019-06-05 16:45:36.683 [INFO]    ClickAddNewAdviceButton()
2019-06-05 16:45:38.593 [INFO]    AdviceMainWindow()
2019-06-05 16:45:38.617 [INFO]    ClickOnBack()
2019-06-05 16:45:39.703 [ERROR]   Error while trying to Delete Advcie Button System.Exception: Please choose an opetion
   at CounselorApp.Administrator.MenageAdvice.DeleteAdvcieClick(Object sender, RoutedEventArgs e) in C:\Users\Liran\Desktop\CounselorApp\CounselorApp\Administrator\MenageAdvice.xaml.cs:line 83
2019-06-05 16:45:40.870 [INFO]    AddNewAdvice()
2019-06-05 16:45:40.896 [INFO]    ClickAddNewAdviceButton()
2019-06-05 16:52:37.151 [INFO]    ClickUploadVulnerableWebButton()
2019-06-05 16:52:48.588 [INFO]    ClickUploadVulnerableWebButton()
2019-06-05 16:52:53.591 [INFO]    ClickUploadProtectedWebButton()
2019-06-05 16:53:58.949 [INFO]    InsertToDB (DoS Attack)
2019-06-05 16:53:58.955 [INFO]    UploadButton()
2019-06-05 17:05:21.924 [INFO]    AdviceMainWindow()
2019-06-05 17:05:21.960 [INFO]    ClickOnBack()
2019-06-05 17:05:23.369 [INFO]    AdminMainWindow()
2019-06-05 17:05:23.381 [INFO]    ClickOnBack
2019-06-05 17:05:27.403 [INFO]    --------------------------------------------PROGRAM STARTED--------------------------------------------
2019-06-05 17:05:27.758 [INFO]    OpenConnection()
2019-06-05 17:05:27.808 [INFO]    SwitchAdminUser()
2019-06-05 17:05:32.310 [INFO]    AdviceMainWindow()
2019-06-05 17:05:32.335 [INFO]    ClickLogInButton()
2019-06-05 17:06:03.618 [INFO]    ClickOnBackButton()
2019-06-05 17:06:11.906 [INFO]    GetUserPassword( LIRAN_NAGAR )
2019-06-05 17:06:11.915 [INFO]    GetRoleFromDB( LIRAN_NAGAR )
2019-06-05 17:06:11.924 [INFO]    AdminMainWindow()
2019-06-05 17:06:11.952 [INFO]    ClickLogInButton()
2019-06-05 17:06:14.678 [INFO]    AdviceMainWindow()
2019-06-05 17:06:14.701 [INFO]    ClickAdvisesButton()
2019-06-05 17:09:32.951 [INFO]    --------------------------------------------PROGRAM STARTED--------------------------------------------
2019-06-05 17:09:33.323 [INFO]    OpenConnection()
2019-06-05 17:09:33.351 [INFO]    SwitchAdminUser()
2019-06-05 17:09:40.758 [INFO]    GetUserPassword( LIRAN_NAGAR )
2019-06-05 17:09:40.763 [INFO]    GetRoleFromDB( LIRAN_NAGAR )
2019-06-05 17:09:40.769 [INFO]    AdminMainWindow()
2019-06-05 17:09:40.798 [INFO]    ClickLogInButton()
2019-06-05 17:09:42.987 [INFO]    AdviceMainWindow()
2019-06-05 17:09:43.010 [INFO]    ClickAdvisesButton()
2019-06-05 17:09:46.167 [INFO]    AdminMainWindow()
2019-06-05 17:09:46.187 [INFO]    ClickOnBack
2019-06-05 17:09:48.402 [INFO]    --------------------------------------------PROGRAM STARTED--------------------------------------------
2019-06-05 17:09:48.739 [INFO]    OpenConnection()
2019-06-05 17:09:48.772 [INFO]    SwitchAdminUser()
2019-06-05 17:09:57.410 [INFO]    AdviceMainWindow()
2019-06-05 17:09:57.433 [INFO]    ClickLogInButton()
2019-06-05 17:12:18.758 [INFO]    AdviceMainWindow()
2019-06-05 17:12:18.789 [INFO]    ClickOnBackButton()
2019-06-05 17:16:38.665 [INFO]    ClickVulnerableWeb()
2019-06-05 17:16:42.532 [INFO]    ClickOnOpenSource(https://ieeexplore.ieee.org/abstract/document/7806367)
2019-06-05 17:17:26.838 [INFO]    ClickProtectedWeb()
2019-06-05 19:36:16.369 [INFO]    --------------------------------------------PROGRAM STARTED--------------------------------------------
2019-06-05 19:36:16.883 [INFO]    OpenConnection()
2019-06-05 19:36:16.931 [INFO]    SwitchAdminUser()
2019-06-05 19:36:32.748 [INFO]    GetUserPassword( LIRAN_NAGAR )
2019-06-05 19:36:32.758 [INFO]    GetRoleFromDB( LIRAN_NAGAR )
2019-06-05 19:36:32.772 [INFO]    AdminMainWindow()
2019-06-05 19:36:32.817 [INFO]    ClickLogInButton()
2019-06-05 19:36:34.760 [INFO]    AdviceMainWindow()
2019-06-05 19:36:34.795 [INFO]    ClickAdvisesButton()
2019-06-05 19:36:36.860 [INFO]    AddNewAdvice()
2019-06-05 19:36:36.905 [INFO]    ClickAddNewAdviceButton()
2019-06-05 19:37:14.536 [INFO]    ClickUploadVulnerableWebButton()
2019-06-05 19:37:23.536 [INFO]    ClickUploadProtectedWebButton()
2019-06-05 19:37:33.571 [INFO]    InsertToDB (DRDOS)
2019-06-05 19:37:33.582 [INFO]    UploadButton()
2019-06-05 19:37:41.979 [INFO]    --------------------------------------------PROGRAM STARTED--------------------------------------------
2019-06-05 19:37:42.522 [INFO]    OpenConnection()
2019-06-05 19:37:42.558 [INFO]    SwitchAdminUser()
2019-06-05 19:37:46.247 [INFO]    AdviceMainWindow()
2019-06-05 19:37:46.280 [INFO]    ClickLogInButton()
2019-06-05 19:37:58.954 [INFO]    ClickVulnerableWeb()
2019-06-05 19:38:04.924 [INFO]    ClickProtectedWeb()
2019-06-05 19:38:08.973 [INFO]    ClickOnOpenSource(https://www.linkedin.com/feed/)
2019-06-06 13:49:59.698 [INFO]    --------------------------------------------PROGRAM STARTED--------------------------------------------
2019-06-06 13:50:00.635 [INFO]    OpenConnection()
2019-06-06 13:50:00.695 [INFO]    SwitchAdminUser()
2019-06-06 13:57:47.217 [INFO]    --------------------------------------------PROGRAM STARTED--------------------------------------------
2019-06-06 13:57:47.616 [INFO]    OpenConnection()
2019-06-06 13:57:47.664 [INFO]    SwitchAdminUser()
2019-06-06 13:57:56.812 [INFO]    GetUserPassword( LIRAN_NAGAR )
2019-06-06 13:57:56.820 [INFO]    GetRoleFromDB( LIRAN_NAGAR )
2019-06-06 13:57:56.828 [INFO]    AdminMainWindow()
2019-06-06 13:57:56.854 [INFO]    ClickLogInButton()
2019-06-06 13:57:57.927 [INFO]    ClickOnBackButton()
2019-06-06 13:58:08.219 [INFO]    GetUserPassword( LIRAN_NAGAR )
2019-06-06 13:58:08.229 [INFO]    GetRoleFromDB( LIRAN_NAGAR )
2019-06-06 13:58:08.238 [INFO]    AdminMainWindow()
2019-06-06 13:58:08.276 [INFO]    ClickLogInButton()
2019-06-06 13:58:10.241 [INFO]    AdviceMainWindow()
2019-06-06 13:58:10.321 [INFO]    ClickAdvisesButton()
2019-06-06 13:58:13.156 [INFO]    AddNewAdvice()
2019-06-06 13:58:13.235 [INFO]    ClickAddNewAdviceButton()
2019-06-06 13:58:14.354 [INFO]    AdviceMainWindow()
2019-06-06 13:58:14.384 [INFO]    ClickOnBack()
2019-06-06 13:58:15.307 [INFO]    AdminMainWindow()
2019-06-06 13:58:15.324 [INFO]    ClickOnBack
2019-06-06 13:58:24.907 [INFO]    --------------------------------------------PROGRAM STARTED--------------------------------------------
2019-06-06 13:58:25.277 [INFO]    OpenConnection()
2019-06-06 13:58:25.317 [INFO]    SwitchAdminUser()
2019-06-06 13:58:33.795 [INFO]    GetUserPassword( LIRAN_NAGAR )
2019-06-06 13:58:33.802 [INFO]    GetRoleFromDB( LIRAN_NAGAR )
2019-06-06 13:58:33.810 [INFO]    AdminMainWindow()
2019-06-06 13:58:33.840 [INFO]    ClickLogInButton()
2019-06-06 13:58:37.180 [INFO]    AdviceMainWindow()
2019-06-06 13:58:37.219 [INFO]    ClickAdvisesButton()
2019-06-06 13:58:39.721 [INFO]    AdminMainWindow()
2019-06-06 13:58:39.739 [INFO]    ClickOnBack
2019-06-06 13:58:57.221 [INFO]    --------------------------------------------PROGRAM STARTED--------------------------------------------
2019-06-06 13:58:57.602 [INFO]    OpenConnection()
2019-06-06 13:58:57.647 [INFO]    SwitchAdminUser()
2019-06-06 13:59:04.716 [INFO]    GetUserPassword( LIRAN_NAGAR )
2019-06-06 13:59:04.724 [INFO]    GetRoleFromDB( LIRAN_NAGAR )
2019-06-06 13:59:04.731 [INFO]    AdminMainWindow()
2019-06-06 13:59:04.757 [INFO]    ClickLogInButton()
2019-06-06 13:59:07.021 [INFO]    AdviceMainWindow()
2019-06-06 13:59:07.048 [INFO]    ClickAdvisesButton()
2019-06-06 13:59:10.605 [INFO]    AdminMainWindow()
2019-06-06 13:59:10.621 [INFO]    ClickOnBack
2019-06-06 13:59:48.278 [INFO]    --------------------------------------------PROGRAM STARTED--------------------------------------------
2019-06-06 13:59:48.675 [INFO]    OpenConnection()
2019-06-06 13:59:48.716 [INFO]    SwitchAdminUser()
2019-06-06 14:00:28.502 [INFO]    --------------------------------------------PROGRAM STARTED--------------------------------------------
2019-06-06 14:00:28.860 [INFO]    OpenConnection()
2019-06-06 14:00:29.012 [INFO]    SwitchAdminUser()
2019-06-06 14:00:36.101 [INFO]    GetUserPassword( LIRAN_NAGAR )
2019-06-06 14:00:36.107 [INFO]    GetRoleFromDB( LIRAN_NAGAR )
2019-06-06 14:00:36.113 [INFO]    AdminMainWindow()
2019-06-06 14:00:36.139 [INFO]    ClickLogInButton()
2019-06-06 14:00:37.081 [INFO]    ClickOnBackButton()
2019-06-06 14:00:43.072 [INFO]    AdviceMainWindow()
2019-06-06 14:00:43.099 [INFO]    ClickLogInButton()
2019-06-06 14:00:47.357 [INFO]    AdviceMainWindow()
2019-06-06 14:00:47.387 [INFO]    ClickOnBackButton()
2019-06-06 14:00:52.706 [INFO]    AdviceMainWindow()
2019-06-06 14:00:52.731 [INFO]    ClickOnBackButton()
2019-06-06 14:00:53.812 [INFO]    ClickOnBackButton()
2019-06-06 14:03:53.240 [INFO]    --------------------------------------------PROGRAM STARTED--------------------------------------------
2019-06-06 14:03:53.576 [INFO]    OpenConnection()
2019-06-06 14:03:53.635 [INFO]    SwitchAdminUser()
2019-06-06 14:57:56.785 [INFO]    --------------------------------------------PROGRAM STARTED--------------------------------------------
2019-06-06 14:57:57.170 [INFO]    OpenConnection()
2019-06-06 14:57:57.228 [INFO]    SwitchAdminUser()
2019-06-06 15:12:18.316 [INFO]    GetUserPassword( LIRAN_NAGAR )
2019-06-06 15:12:18.669 [INFO]    GetRoleFromDB( LIRAN_NAGAR )
2019-06-06 15:12:18.685 [INFO]    AdminMainWindow()
2019-06-06 15:12:18.735 [INFO]    ClickLogInButton()
2019-06-06 15:25:59.612 [INFO]    AdviceMainWindow()
2019-06-06 15:25:59.651 [INFO]    ClickAdvisesButton()
2019-06-06 15:26:25.753 [INFO]    DeleteAdvcieButton(  )
2019-06-06 15:41:53.090 [INFO]    DeleteAdvcieButton( Dos )
2019-06-06 15:47:23.118 [INFO]    AddNewAdvice()
2019-06-06 15:47:23.166 [INFO]    ClickAddNewAdviceButton()
2019-06-06 15:47:30.481 [INFO]    AdviceMainWindow()
2019-06-06 15:47:30.508 [INFO]    ClickOnBack()
2019-06-07 23:17:03.811 [INFO]    --------------------------------------------PROGRAM STARTED--------------------------------------------
2019-06-07 23:17:04.574 [INFO]    OpenConnection()
2019-06-07 23:17:04.704 [INFO]    SwitchAdminUser()
2019-06-07 23:17:16.566 [INFO]    GetUserPassword( LIRAN_NAGAR )
2019-06-07 23:17:16.578 [INFO]    GetRoleFromDB( LIRAN_NAGAR )
2019-06-07 23:17:16.600 [INFO]    AdminMainWindow()
2019-06-07 23:17:16.703 [INFO]    ClickLogInButton()
2019-06-07 23:17:18.323 [INFO]    AdviceMainWindow()
2019-06-07 23:17:18.404 [INFO]    ClickAdvisesButton()
2019-06-07 23:17:24.181 [INFO]    AddNewAdvice()
2019-06-07 23:17:24.305 [INFO]    ClickAddNewAdviceButton()
2019-06-07 23:19:33.221 [INFO]    ClickUploadVulnerableWebButton()
2019-06-07 23:19:35.555 [INFO]    AdviceMainWindow()
2019-06-07 23:19:35.589 [INFO]    ClickOnBack()
2019-06-07 23:19:37.106 [INFO]    AdminMainWindow()
2019-06-07 23:19:37.131 [INFO]    ClickOnBack
2019-06-07 23:19:47.018 [INFO]    --------------------------------------------PROGRAM STARTED--------------------------------------------
2019-06-07 23:19:47.575 [INFO]    OpenConnection()
2019-06-07 23:19:47.664 [INFO]    SwitchAdminUser()
2019-06-07 23:19:52.752 [INFO]    AdviceMainWindow()
2019-06-07 23:19:52.824 [INFO]    ClickLogInButton()
2019-06-07 23:20:37.136 [INFO]    --------------------------------------------PROGRAM STARTED--------------------------------------------
2019-06-07 23:20:37.796 [INFO]    OpenConnection()
2019-06-07 23:20:37.883 [INFO]    SwitchAdminUser()
2019-06-07 23:20:42.278 [INFO]    AdviceMainWindow()
2019-06-07 23:20:42.346 [INFO]    ClickLogInButton()
2019-06-08 00:11:09.980 [INFO]    --------------------------------------------PROGRAM STARTED--------------------------------------------
2019-06-08 00:11:10.434 [INFO]    OpenConnection()
2019-06-08 00:11:10.473 [INFO]    SwitchAdminUser()
2019-06-08 00:12:10.209 [INFO]    AdviceMainWindow()
2019-06-08 00:12:10.242 [INFO]    ClickLogInButton()
2019-06-08 00:18:27.012 [INFO]    --------------------------------------------PROGRAM STARTED--------------------------------------------
2019-06-08 00:18:27.409 [INFO]    OpenConnection()
2019-06-08 00:18:27.458 [INFO]    SwitchAdminUser()
2019-06-08 00:18:38.321 [INFO]    AdviceMainWindow()
2019-06-08 00:18:38.344 [INFO]    ClickLogInButton()
